<?xml version="1.0" encoding="UTF-8"?>
<!-- Generated by org.testng.reporters.JUnitReportReporter -->
<testsuite hostname="prasad" name="tests.TestExcelData" tests="1" failures="0" timestamp="22 Oct 2016 06:04:55 GMT" time="0.292" errors="0">
  <testcase name="testExcelData" time="0.292" classname="tests.TestExcelData"/>
</testsuite> <!-- tests.TestExcelData -->
