<?xml version="1.0" encoding="UTF-8"?>
<!-- Generated by org.testng.reporters.JUnitReportReporter -->
<testsuite hostname="sys" name="tests.Test_SearchtBox_HomePage" tests="1" failures="0" timestamp="24 Sep 2016 13:37:31 GMT" time="53.218" errors="0">
  <testcase name="testSearchBoxHomePage" time="53.218" classname="tests.Test_SearchtBox_HomePage"/>
</testsuite> <!-- tests.Test_SearchtBox_HomePage -->
