<?xml version="1.0" encoding="UTF-8"?>
<!-- Generated by org.testng.reporters.JUnitReportReporter -->
<testsuite hostname="prasad" name="tests.LoginTest" tests="1" failures="0" timestamp="23 Oct 2016 12:17:22 GMT" time="34.184" errors="0">
  <testcase name="login" time="34.184" classname="tests.LoginTest"/>
</testsuite> <!-- tests.LoginTest -->
