<?xml version="1.0" encoding="UTF-8"?>
<!-- Generated by org.testng.reporters.JUnitReportReporter -->
<testsuite hostname="prasad" name="tests.TestClass" tests="1" failures="0" timestamp="22 Oct 2016 07:53:50 GMT" time="0.001" errors="0">
  <testcase name="main" time="0.001" classname="tests.TestClass"/>
</testsuite> <!-- tests.TestClass -->
